<?xml version="1.0" encoding="UTF-8"?>
<testng-results ignored="0" total="1" passed="1" failed="0" skipped="0">
  <reporter-output>
  </reporter-output>
  <suite started-at="2023-12-15T12:33:51 IST" name="Default suite" finished-at="2023-12-15T12:34:18 IST" duration-ms="27421">
    <groups>
    </groups>
    <test started-at="2023-12-15T12:33:51 IST" name="Default test" finished-at="2023-12-15T12:34:18 IST" duration-ms="27421">
      <class name="DriverFactory.AppTest">
        <test-method signature="kickstart()[pri:0, instance:DriverFactory.AppTest@4b8ee4de]" started-at="2023-12-15T12:33:51 IST" name="kickstart" finished-at="2023-12-15T12:34:18 IST" duration-ms="27378" status="PASS">
          <reporter-output>
          </reporter-output>
        </test-method> <!-- kickstart -->
      </class> <!-- DriverFactory.AppTest -->
    </test> <!-- Default test -->
  </suite> <!-- Default suite -->
</testng-results>
